<?xml version="1.0" encoding="UTF-8"?>
<testsuite name="com.firstspringboot.demo.PropertyTest" tests="1" skipped="0" failures="0" errors="0" timestamp="2019-10-10T03:10:26" hostname="YONGHYUNui-MacBookPro.local" time="0.154">
  <properties/>
  <testcase name="test" classname="com.firstspringboot.demo.PropertyTest" time="0.154"/>
  <system-out><![CDATA[12:10:24.559 [Test worker] DEBUG org.springframework.test.context.junit4.SpringJUnit4ClassRunner - SpringJUnit4ClassRunner constructor called with [class com.firstspringboot.demo.PropertyTest]
12:10:24.566 [Test worker] DEBUG org.springframework.test.context.BootstrapUtils - Instantiating CacheAwareContextLoaderDelegate from class [org.springframework.test.context.cache.DefaultCacheAwareContextLoaderDelegate]
12:10:24.572 [Test worker] DEBUG org.springframework.test.context.BootstrapUtils - Instantiating BootstrapContext using constructor [public org.springframework.test.context.support.DefaultBootstrapContext(java.lang.Class,org.springframework.test.context.CacheAwareContextLoaderDelegate)]
12:10:24.590 [Test worker] DEBUG org.springframework.test.context.BootstrapUtils - Instantiating TestContextBootstrapper for test class [com.firstspringboot.demo.PropertyTest] from class [org.springframework.boot.test.context.SpringBootTestContextBootstrapper]
12:10:24.598 [Test worker] INFO org.springframework.boot.test.context.SpringBootTestContextBootstrapper - Neither @ContextConfiguration nor @ContextHierarchy found for test class [com.firstspringboot.demo.PropertyTest], using SpringBootContextLoader
12:10:24.601 [Test worker] DEBUG org.springframework.test.context.support.AbstractContextLoader - Did not detect default resource location for test class [com.firstspringboot.demo.PropertyTest]: class path resource [com/firstspringboot/demo/PropertyTest-context.xml] does not exist
12:10:24.601 [Test worker] DEBUG org.springframework.test.context.support.AbstractContextLoader - Did not detect default resource location for test class [com.firstspringboot.demo.PropertyTest]: class path resource [com/firstspringboot/demo/PropertyTestContext.groovy] does not exist
12:10:24.601 [Test worker] INFO org.springframework.test.context.support.AbstractContextLoader - Could not detect default resource locations for test class [com.firstspringboot.demo.PropertyTest]: no resource found for suffixes {-context.xml, Context.groovy}.
12:10:24.602 [Test worker] INFO org.springframework.test.context.support.AnnotationConfigContextLoaderUtils - Could not detect default configuration classes for test class [com.firstspringboot.demo.PropertyTest]: PropertyTest does not declare any static, non-private, non-final, nested classes annotated with @Configuration.
12:10:24.631 [Test worker] DEBUG org.springframework.test.context.support.ActiveProfilesUtils - Could not find an 'annotation declaring class' for annotation type [org.springframework.test.context.ActiveProfiles] and class [com.firstspringboot.demo.PropertyTest]
12:10:24.689 [Test worker] DEBUG org.springframework.context.annotation.ClassPathScanningCandidateComponentProvider - Identified candidate component class: file [/Users/yonghyunkwon/intelliJ_workspace/firstspringboot/build/classes/java/main/com/firstspringboot/demo/DemoApplication.class]
12:10:24.692 [Test worker] INFO org.springframework.boot.test.context.SpringBootTestContextBootstrapper - Found @SpringBootConfiguration com.firstspringboot.demo.DemoApplication for test class com.firstspringboot.demo.PropertyTest
12:10:24.764 [Test worker] DEBUG org.springframework.boot.test.context.SpringBootTestContextBootstrapper - @TestExecutionListeners is not present for class [com.firstspringboot.demo.PropertyTest]: using defaults.
12:10:24.765 [Test worker] INFO org.springframework.boot.test.context.SpringBootTestContextBootstrapper - Loaded default TestExecutionListener class names from location [META-INF/spring.factories]: [org.springframework.boot.test.autoconfigure.restdocs.RestDocsTestExecutionListener, org.springframework.boot.test.autoconfigure.web.client.MockRestServiceServerResetTestExecutionListener, org.springframework.boot.test.autoconfigure.web.servlet.MockMvcPrintOnlyOnFailureTestExecutionListener, org.springframework.boot.test.autoconfigure.web.servlet.WebDriverTestExecutionListener, org.springframework.boot.test.mock.mockito.MockitoTestExecutionListener, org.springframework.boot.test.mock.mockito.ResetMocksTestExecutionListener, org.springframework.test.context.web.ServletTestExecutionListener, org.springframework.test.context.support.DirtiesContextBeforeModesTestExecutionListener, org.springframework.test.context.support.DependencyInjectionTestExecutionListener, org.springframework.test.context.support.DirtiesContextTestExecutionListener, org.springframework.test.context.transaction.TransactionalTestExecutionListener, org.springframework.test.context.jdbc.SqlScriptsTestExecutionListener]
12:10:24.773 [Test worker] DEBUG org.springframework.boot.test.context.SpringBootTestContextBootstrapper - Skipping candidate TestExecutionListener [org.springframework.test.context.transaction.TransactionalTestExecutionListener] due to a missing dependency. Specify custom listener classes or make the default listener classes and their required dependencies available. Offending class: [org/springframework/transaction/interceptor/TransactionAttributeSource]
12:10:24.773 [Test worker] DEBUG org.springframework.boot.test.context.SpringBootTestContextBootstrapper - Skipping candidate TestExecutionListener [org.springframework.test.context.jdbc.SqlScriptsTestExecutionListener] due to a missing dependency. Specify custom listener classes or make the default listener classes and their required dependencies available. Offending class: [org/springframework/transaction/interceptor/TransactionAttribute]
12:10:24.773 [Test worker] INFO org.springframework.boot.test.context.SpringBootTestContextBootstrapper - Using TestExecutionListeners: [org.springframework.test.context.web.ServletTestExecutionListener@1c8045c4, org.springframework.test.context.support.DirtiesContextBeforeModesTestExecutionListener@62be7f4d, org.springframework.boot.test.mock.mockito.MockitoTestExecutionListener@1f7948fa, org.springframework.boot.test.autoconfigure.SpringBootDependencyInjectionTestExecutionListener@6d4deb05, org.springframework.test.context.support.DirtiesContextTestExecutionListener@73fd3d0d, org.springframework.boot.test.autoconfigure.restdocs.RestDocsTestExecutionListener@62287028, org.springframework.boot.test.autoconfigure.web.client.MockRestServiceServerResetTestExecutionListener@37c3da0f, org.springframework.boot.test.autoconfigure.web.servlet.MockMvcPrintOnlyOnFailureTestExecutionListener@35541a31, org.springframework.boot.test.autoconfigure.web.servlet.WebDriverTestExecutionListener@2f5b5cc3, org.springframework.boot.test.mock.mockito.ResetMocksTestExecutionListener@ed3c030]
12:10:24.776 [Test worker] DEBUG org.springframework.test.annotation.ProfileValueUtils - Retrieved @ProfileValueSourceConfiguration [null] for test class [com.firstspringboot.demo.PropertyTest]
12:10:24.776 [Test worker] DEBUG org.springframework.test.annotation.ProfileValueUtils - Retrieved ProfileValueSource type [class org.springframework.test.annotation.SystemProfileValueSource] for class [com.firstspringboot.demo.PropertyTest]
12:10:24.779 [Test worker] DEBUG org.springframework.test.annotation.ProfileValueUtils - Retrieved @ProfileValueSourceConfiguration [null] for test class [com.firstspringboot.demo.PropertyTest]
12:10:24.779 [Test worker] DEBUG org.springframework.test.annotation.ProfileValueUtils - Retrieved ProfileValueSource type [class org.springframework.test.annotation.SystemProfileValueSource] for class [com.firstspringboot.demo.PropertyTest]
12:10:24.780 [Test worker] DEBUG org.springframework.test.annotation.ProfileValueUtils - Retrieved @ProfileValueSourceConfiguration [null] for test class [com.firstspringboot.demo.PropertyTest]
12:10:24.780 [Test worker] DEBUG org.springframework.test.annotation.ProfileValueUtils - Retrieved ProfileValueSource type [class org.springframework.test.annotation.SystemProfileValueSource] for class [com.firstspringboot.demo.PropertyTest]
12:10:24.783 [Test worker] DEBUG org.springframework.test.context.support.AbstractDirtiesContextTestExecutionListener - Before test class: context [DefaultTestContext@63723d30 testClass = PropertyTest, testInstance = [null], testMethod = [null], testException = [null], mergedContextConfiguration = [WebMergedContextConfiguration@49d703de testClass = PropertyTest, locations = '{}', classes = '{class com.firstspringboot.demo.DemoApplication}', contextInitializerClasses = '[]', activeProfiles = '{}', propertySourceLocations = '{}', propertySourceProperties = '{org.springframework.boot.test.context.SpringBootTestContextBootstrapper=true}', contextCustomizers = set[org.springframework.boot.test.autoconfigure.properties.PropertyMappingContextCustomizer@0, org.springframework.boot.test.autoconfigure.web.servlet.WebDriverContextCustomizerFactory$Customizer@11acc750, org.springframework.boot.test.context.filter.ExcludeFilterContextCustomizer@a8cc508, org.springframework.boot.test.json.DuplicateJsonObjectContextCustomizerFactory$DuplicateJsonObjectContextCustomizer@8d43d5c, org.springframework.boot.test.mock.mockito.MockitoContextCustomizer@0, org.springframework.boot.test.web.client.TestRestTemplateContextCustomizer@b1e15d3], resourceBasePath = 'src/main/webapp', contextLoader = 'org.springframework.boot.test.context.SpringBootContextLoader', parent = [null]], attributes = map['org.springframework.test.context.web.ServletTestExecutionListener.activateListener' -> true]], class annotated with @DirtiesContext [false] with mode [null].
12:10:24.783 [Test worker] DEBUG org.springframework.test.annotation.ProfileValueUtils - Retrieved @ProfileValueSourceConfiguration [null] for test class [com.firstspringboot.demo.PropertyTest]
12:10:24.783 [Test worker] DEBUG org.springframework.test.annotation.ProfileValueUtils - Retrieved ProfileValueSource type [class org.springframework.test.annotation.SystemProfileValueSource] for class [com.firstspringboot.demo.PropertyTest]
12:10:24.798 [Test worker] DEBUG org.springframework.test.context.support.TestPropertySourceUtils - Adding inlined properties to environment: {spring.jmx.enabled=false, org.springframework.boot.test.context.SpringBootTestContextBootstrapper=true, server.port=-1}

  .   ____          _            __ _ _
 /\\ / ___'_ __ _ _(_)_ __  __ _ \ \ \ \
( ( )\___ | '_ | '_| | '_ \/ _` | \ \ \ \
 \\/  ___)| |_)| | | | | || (_| |  ) ) ) )
  '  |____| .__|_| |_|_| |_\__, | / / / /
 =========|_|==============|___/=/_/_/_/
 :: Spring Boot ::        (v2.1.9.RELEASE)

2019-10-10 12:10:25.022  INFO 2074 --- [    Test worker] com.firstspringboot.demo.PropertyTest    : Starting PropertyTest on YONGHYUNui-MacBookPro.local with PID 2074 (started by yonghyunkwon in /Users/yonghyunkwon/intelliJ_workspace/firstspringboot)
2019-10-10 12:10:25.023  INFO 2074 --- [    Test worker] com.firstspringboot.demo.PropertyTest    : No active profile set, falling back to default profiles: default
2019-10-10 12:10:26.053  INFO 2074 --- [    Test worker] o.s.s.concurrent.ThreadPoolTaskExecutor  : Initializing ExecutorService 'applicationTaskExecutor'
2019-10-10 12:10:26.256  INFO 2074 --- [    Test worker] com.firstspringboot.demo.PropertyTest    : Started PropertyTest in 1.452 seconds (JVM running for 2.137)
]]></system-out>
  <system-err><![CDATA[]]></system-err>
</testsuite>
